mode: set
github.com/t0sic/D7024E-Kademlia/internal/kademlia/bucket.go:16.26,20.2 3 1
github.com/t0sic/D7024E-Kademlia/internal/kademlia/bucket.go:23.37,25.2 1 1
github.com/t0sic/D7024E-Kademlia/internal/kademlia/bucket.go:28.55,29.28 1 1
github.com/t0sic/D7024E-Kademlia/internal/kademlia/bucket.go:29.28,31.3 1 0
github.com/t0sic/D7024E-Kademlia/internal/kademlia/bucket.go:32.2,34.17 3 1
github.com/t0sic/D7024E-Kademlia/internal/kademlia/bucket.go:38.54,40.55 2 1
github.com/t0sic/D7024E-Kademlia/internal/kademlia/bucket.go:40.55,42.34 2 1
github.com/t0sic/D7024E-Kademlia/internal/kademlia/bucket.go:42.34,44.4 1 1
github.com/t0sic/D7024E-Kademlia/internal/kademlia/bucket.go:46.2,46.20 1 1
github.com/t0sic/D7024E-Kademlia/internal/kademlia/bucket.go:46.20,48.3 1 1
github.com/t0sic/D7024E-Kademlia/internal/kademlia/bucket.go:53.51,55.55 2 1
github.com/t0sic/D7024E-Kademlia/internal/kademlia/bucket.go:55.55,58.34 2 1
github.com/t0sic/D7024E-Kademlia/internal/kademlia/bucket.go:58.34,60.4 1 1
github.com/t0sic/D7024E-Kademlia/internal/kademlia/bucket.go:63.2,63.20 1 1
github.com/t0sic/D7024E-Kademlia/internal/kademlia/bucket.go:63.20,64.28 1 1
github.com/t0sic/D7024E-Kademlia/internal/kademlia/bucket.go:64.28,66.4 1 1
github.com/t0sic/D7024E-Kademlia/internal/kademlia/bucket.go:67.8,69.3 1 1
github.com/t0sic/D7024E-Kademlia/internal/kademlia/bucket.go:74.76,77.63 2 1
github.com/t0sic/D7024E-Kademlia/internal/kademlia/bucket.go:77.63,80.3 2 1
github.com/t0sic/D7024E-Kademlia/internal/kademlia/bucket.go:82.2,82.17 1 1
github.com/t0sic/D7024E-Kademlia/internal/kademlia/bucket.go:86.33,88.2 1 0
github.com/t0sic/D7024E-Kademlia/internal/kademlia/contact.go:21.60,23.2 1 1
github.com/t0sic/D7024E-Kademlia/internal/kademlia/contact.go:25.88,32.2 2 1
github.com/t0sic/D7024E-Kademlia/internal/kademlia/contact.go:36.55,38.2 1 1
github.com/t0sic/D7024E-Kademlia/internal/kademlia/contact.go:41.58,43.2 1 1
github.com/t0sic/D7024E-Kademlia/internal/kademlia/contact.go:46.41,48.2 1 1
github.com/t0sic/D7024E-Kademlia/internal/kademlia/contact.go:57.65,59.2 1 1
github.com/t0sic/D7024E-Kademlia/internal/kademlia/contact.go:62.71,63.38 1 1
github.com/t0sic/D7024E-Kademlia/internal/kademlia/contact.go:63.38,65.3 1 1
github.com/t0sic/D7024E-Kademlia/internal/kademlia/contact.go:66.2,66.36 1 1
github.com/t0sic/D7024E-Kademlia/internal/kademlia/contact.go:70.45,72.2 1 1
github.com/t0sic/D7024E-Kademlia/internal/kademlia/contact.go:75.48,77.2 1 1
github.com/t0sic/D7024E-Kademlia/internal/kademlia/contact.go:81.53,83.2 1 1
github.com/t0sic/D7024E-Kademlia/internal/kademlia/contact.go:87.58,89.2 1 1
github.com/t0sic/D7024E-Kademlia/internal/kademlia/contact.go:91.43,96.2 3 1
github.com/t0sic/D7024E-Kademlia/internal/kademlia/contact.go:98.55,100.21 2 1
github.com/t0sic/D7024E-Kademlia/internal/kademlia/contact.go:100.21,102.3 1 0
github.com/t0sic/D7024E-Kademlia/internal/kademlia/contact.go:103.2,104.16 2 1
github.com/t0sic/D7024E-Kademlia/internal/kademlia/contact.go:104.16,106.3 1 0
github.com/t0sic/D7024E-Kademlia/internal/kademlia/contact.go:107.2,108.16 2 1
github.com/t0sic/D7024E-Kademlia/internal/kademlia/contact.go:108.16,110.3 1 0
github.com/t0sic/D7024E-Kademlia/internal/kademlia/contact.go:111.2,112.16 2 1
github.com/t0sic/D7024E-Kademlia/internal/kademlia/contact.go:115.81,117.16 2 1
github.com/t0sic/D7024E-Kademlia/internal/kademlia/contact.go:117.16,119.3 1 0
github.com/t0sic/D7024E-Kademlia/internal/kademlia/contact.go:120.2,121.15 2 1
github.com/t0sic/D7024E-Kademlia/internal/kademlia/contact.go:124.57,126.29 2 0
github.com/t0sic/D7024E-Kademlia/internal/kademlia/contact.go:126.29,128.3 1 0
github.com/t0sic/D7024E-Kademlia/internal/kademlia/contact.go:129.2,129.12 1 0
github.com/t0sic/D7024E-Kademlia/internal/kademlia/contact.go:132.68,134.27 2 0
github.com/t0sic/D7024E-Kademlia/internal/kademlia/contact.go:134.27,135.69 1 0
github.com/t0sic/D7024E-Kademlia/internal/kademlia/contact.go:135.69,137.4 1 0
github.com/t0sic/D7024E-Kademlia/internal/kademlia/contact.go:139.2,139.12 1 0
github.com/t0sic/D7024E-Kademlia/internal/kademlia/routingtable.go:21.51,23.38 2 1
github.com/t0sic/D7024E-Kademlia/internal/kademlia/routingtable.go:23.38,25.3 1 1
github.com/t0sic/D7024E-Kademlia/internal/kademlia/routingtable.go:26.2,27.21 2 1
github.com/t0sic/D7024E-Kademlia/internal/kademlia/routingtable.go:31.72,37.22 5 1
github.com/t0sic/D7024E-Kademlia/internal/kademlia/routingtable.go:37.22,40.3 2 1
github.com/t0sic/D7024E-Kademlia/internal/kademlia/routingtable.go:41.2,41.38 1 1
github.com/t0sic/D7024E-Kademlia/internal/kademlia/routingtable.go:45.66,52.2 5 1
github.com/t0sic/D7024E-Kademlia/internal/kademlia/routingtable.go:55.93,63.102 6 1
github.com/t0sic/D7024E-Kademlia/internal/kademlia/routingtable.go:63.102,64.25 1 1
github.com/t0sic/D7024E-Kademlia/internal/kademlia/routingtable.go:64.25,67.4 2 1
github.com/t0sic/D7024E-Kademlia/internal/kademlia/routingtable.go:68.3,68.37 1 1
github.com/t0sic/D7024E-Kademlia/internal/kademlia/routingtable.go:68.37,71.4 2 1
github.com/t0sic/D7024E-Kademlia/internal/kademlia/routingtable.go:73.2,77.30 3 1
github.com/t0sic/D7024E-Kademlia/internal/kademlia/routingtable.go:77.30,79.3 1 1
github.com/t0sic/D7024E-Kademlia/internal/kademlia/routingtable.go:81.2,81.38 1 1
github.com/t0sic/D7024E-Kademlia/internal/kademlia/routingtable.go:85.67,87.36 2 1
github.com/t0sic/D7024E-Kademlia/internal/kademlia/routingtable.go:87.36,88.26 1 1
github.com/t0sic/D7024E-Kademlia/internal/kademlia/routingtable.go:88.26,89.42 1 1
github.com/t0sic/D7024E-Kademlia/internal/kademlia/routingtable.go:89.42,91.5 1 1
github.com/t0sic/D7024E-Kademlia/internal/kademlia/routingtable.go:95.2,95.27 1 1
github.com/t0sic/D7024E-Kademlia/internal/net/mock_udp_server.go:23.39,25.16 2 1
github.com/t0sic/D7024E-Kademlia/internal/net/mock_udp_server.go:25.16,26.13 1 0
github.com/t0sic/D7024E-Kademlia/internal/net/mock_udp_server.go:28.2,34.10 5 1
github.com/t0sic/D7024E-Kademlia/internal/net/mock_udp_server.go:37.39,37.56 1 0
github.com/t0sic/D7024E-Kademlia/internal/net/mock_udp_server.go:38.39,38.53 1 1
github.com/t0sic/D7024E-Kademlia/internal/net/mock_udp_server.go:39.33,44.2 4 1
github.com/t0sic/D7024E-Kademlia/internal/net/mock_udp_server.go:46.45,48.2 1 1
github.com/t0sic/D7024E-Kademlia/internal/net/mock_udp_server.go:50.60,54.16 4 0
github.com/t0sic/D7024E-Kademlia/internal/net/mock_udp_server.go:54.16,56.3 1 0
github.com/t0sic/D7024E-Kademlia/internal/net/mock_udp_server.go:58.2,59.14 2 0
github.com/t0sic/D7024E-Kademlia/internal/net/mock_udp_server.go:59.14,61.3 1 0
github.com/t0sic/D7024E-Kademlia/internal/net/mock_udp_server.go:62.2,63.32 2 0
github.com/t0sic/D7024E-Kademlia/internal/net/mock_udp_server.go:63.32,65.3 1 0
github.com/t0sic/D7024E-Kademlia/internal/net/mock_udp_server.go:67.2,67.45 1 0
github.com/t0sic/D7024E-Kademlia/internal/net/mock_udp_server.go:67.45,69.3 1 0
github.com/t0sic/D7024E-Kademlia/internal/net/mock_udp_server.go:70.2,70.12 1 0
github.com/t0sic/D7024E-Kademlia/internal/net/mock_udp_server.go:73.101,75.21 1 1
github.com/t0sic/D7024E-Kademlia/internal/net/mock_udp_server.go:75.21,77.3 1 1
github.com/t0sic/D7024E-Kademlia/internal/net/mock_udp_server.go:79.2,82.16 4 1
github.com/t0sic/D7024E-Kademlia/internal/net/mock_udp_server.go:82.16,84.3 1 1
github.com/t0sic/D7024E-Kademlia/internal/net/mock_udp_server.go:86.2,87.14 2 1
github.com/t0sic/D7024E-Kademlia/internal/net/mock_udp_server.go:87.14,89.3 1 0
github.com/t0sic/D7024E-Kademlia/internal/net/mock_udp_server.go:91.2,92.16 2 1
github.com/t0sic/D7024E-Kademlia/internal/net/mock_udp_server.go:92.16,94.3 1 0
github.com/t0sic/D7024E-Kademlia/internal/net/mock_udp_server.go:95.2,95.18 1 1
github.com/t0sic/D7024E-Kademlia/internal/net/mock_udp_server.go:95.18,97.3 1 0
github.com/t0sic/D7024E-Kademlia/internal/net/mock_udp_server.go:99.2,99.23 1 1
github.com/t0sic/D7024E-Kademlia/internal/net/mock_udp_server.go:99.23,101.3 1 0
github.com/t0sic/D7024E-Kademlia/internal/net/mock_udp_server.go:102.2,102.20 1 1
github.com/t0sic/D7024E-Kademlia/internal/net/server.go:42.46,44.13 2 0
github.com/t0sic/D7024E-Kademlia/internal/net/server.go:44.13,46.3 1 0
github.com/t0sic/D7024E-Kademlia/internal/net/server.go:47.2,50.54 4 0
github.com/t0sic/D7024E-Kademlia/internal/net/server.go:50.54,53.3 2 0
github.com/t0sic/D7024E-Kademlia/internal/net/server.go:54.2,55.17 2 0
github.com/t0sic/D7024E-Kademlia/internal/net/server.go:58.34,61.19 3 0
github.com/t0sic/D7024E-Kademlia/internal/net/server.go:61.19,65.3 3 0
github.com/t0sic/D7024E-Kademlia/internal/net/server.go:66.2,66.21 1 0
github.com/t0sic/D7024E-Kademlia/internal/net/server.go:66.21,69.3 2 0
github.com/t0sic/D7024E-Kademlia/internal/net/server.go:70.2,70.19 1 0
github.com/t0sic/D7024E-Kademlia/internal/net/server.go:92.41,92.58 1 0
github.com/t0sic/D7024E-Kademlia/internal/net/server.go:95.62,97.2 1 0
github.com/t0sic/D7024E-Kademlia/internal/net/server.go:100.35,108.19 5 0
github.com/t0sic/D7024E-Kademlia/internal/net/server.go:108.19,110.3 1 0
github.com/t0sic/D7024E-Kademlia/internal/net/server.go:113.2,114.12 2 0
github.com/t0sic/D7024E-Kademlia/internal/net/server.go:117.38,121.2 3 0
github.com/t0sic/D7024E-Kademlia/internal/net/server.go:124.46,126.16 2 0
github.com/t0sic/D7024E-Kademlia/internal/net/server.go:126.16,127.13 1 0
github.com/t0sic/D7024E-Kademlia/internal/net/server.go:129.2,133.3 1 0
github.com/t0sic/D7024E-Kademlia/internal/net/server.go:137.80,142.14 4 0
github.com/t0sic/D7024E-Kademlia/internal/net/server.go:142.14,144.3 1 0
github.com/t0sic/D7024E-Kademlia/internal/net/server.go:146.2,146.21 1 0
github.com/t0sic/D7024E-Kademlia/internal/net/server.go:150.51,154.2 3 0
github.com/t0sic/D7024E-Kademlia/internal/net/server.go:157.70,161.2 3 0
github.com/t0sic/D7024E-Kademlia/internal/net/server.go:164.60,170.2 5 0
github.com/t0sic/D7024E-Kademlia/internal/net/server.go:172.80,176.9 4 0
github.com/t0sic/D7024E-Kademlia/internal/net/server.go:176.9,178.3 1 0
github.com/t0sic/D7024E-Kademlia/internal/net/server.go:180.2,180.9 1 0
github.com/t0sic/D7024E-Kademlia/internal/net/server.go:181.25,182.10 1 0
github.com/t0sic/D7024E-Kademlia/internal/net/server.go:182.10,184.4 1 0
github.com/t0sic/D7024E-Kademlia/internal/net/server.go:185.3,185.18 1 0
github.com/t0sic/D7024E-Kademlia/internal/net/server.go:186.29,188.70 2 0
github.com/t0sic/D7024E-Kademlia/internal/net/server.go:193.48,195.35 2 0
github.com/t0sic/D7024E-Kademlia/internal/net/server.go:195.35,198.3 2 0
github.com/t0sic/D7024E-Kademlia/internal/net/server.go:199.2,199.16 1 0
github.com/t0sic/D7024E-Kademlia/internal/net/server.go:203.55,204.21 1 0
github.com/t0sic/D7024E-Kademlia/internal/net/server.go:204.21,206.3 1 0
github.com/t0sic/D7024E-Kademlia/internal/net/server.go:207.2,209.8 3 0
github.com/t0sic/D7024E-Kademlia/internal/net/server.go:209.8,211.3 1 0
github.com/t0sic/D7024E-Kademlia/internal/net/server.go:212.2,213.8 2 0
github.com/t0sic/D7024E-Kademlia/internal/net/server.go:213.8,216.3 2 0
github.com/t0sic/D7024E-Kademlia/internal/net/server.go:217.2,217.14 1 0
github.com/t0sic/D7024E-Kademlia/internal/net/server.go:221.105,222.21 1 0
github.com/t0sic/D7024E-Kademlia/internal/net/server.go:222.21,224.3 1 0
github.com/t0sic/D7024E-Kademlia/internal/net/server.go:225.2,228.54 3 0
github.com/t0sic/D7024E-Kademlia/internal/net/server.go:228.54,231.3 2 0
github.com/t0sic/D7024E-Kademlia/internal/net/server.go:232.2,232.35 1 0
github.com/t0sic/D7024E-Kademlia/internal/net/server.go:236.35,238.16 2 0
github.com/t0sic/D7024E-Kademlia/internal/net/server.go:238.16,239.13 1 0
github.com/t0sic/D7024E-Kademlia/internal/net/server.go:242.2,253.6 8 0
github.com/t0sic/D7024E-Kademlia/internal/net/server.go:253.6,257.17 3 0
github.com/t0sic/D7024E-Kademlia/internal/net/server.go:257.17,258.53 1 0
github.com/t0sic/D7024E-Kademlia/internal/net/server.go:258.53,259.22 1 0
github.com/t0sic/D7024E-Kademlia/internal/net/server.go:259.22,261.6 1 0
github.com/t0sic/D7024E-Kademlia/internal/net/server.go:263.5,263.13 1 0
github.com/t0sic/D7024E-Kademlia/internal/net/server.go:265.4,265.73 1 0
github.com/t0sic/D7024E-Kademlia/internal/net/server.go:265.73,267.5 1 0
github.com/t0sic/D7024E-Kademlia/internal/net/server.go:268.4,269.12 2 0
github.com/t0sic/D7024E-Kademlia/internal/net/server.go:272.3,274.18 3 0
github.com/t0sic/D7024E-Kademlia/internal/net/server.go:274.18,276.12 2 0
github.com/t0sic/D7024E-Kademlia/internal/net/server.go:279.3,279.29 1 0
github.com/t0sic/D7024E-Kademlia/internal/net/server.go:279.29,280.12 1 0
github.com/t0sic/D7024E-Kademlia/internal/net/server.go:283.3,284.18 2 0
github.com/t0sic/D7024E-Kademlia/internal/net/server.go:284.18,286.12 2 0
github.com/t0sic/D7024E-Kademlia/internal/net/server.go:289.3,289.19 1 0
github.com/t0sic/D7024E-Kademlia/internal/net/server.go:289.19,290.58 1 0
github.com/t0sic/D7024E-Kademlia/internal/net/server.go:290.58,292.5 1 0
github.com/t0sic/D7024E-Kademlia/internal/net/server.go:298.40,300.31 2 0
github.com/t0sic/D7024E-Kademlia/internal/net/server.go:300.31,303.3 2 0
github.com/t0sic/D7024E-Kademlia/internal/net/server.go:304.2,304.16 1 0
github.com/t0sic/D7024E-Kademlia/internal/node/message.go:14.84,20.16 3 1
github.com/t0sic/D7024E-Kademlia/internal/node/message.go:20.16,22.3 1 1
github.com/t0sic/D7024E-Kademlia/internal/node/message.go:23.2,23.56 1 1
github.com/t0sic/D7024E-Kademlia/internal/node/message.go:23.56,25.3 1 0
github.com/t0sic/D7024E-Kademlia/internal/node/message.go:26.2,27.16 2 1
github.com/t0sic/D7024E-Kademlia/internal/node/message.go:27.16,29.3 1 0
github.com/t0sic/D7024E-Kademlia/internal/node/message.go:30.2,30.20 1 1
github.com/t0sic/D7024E-Kademlia/internal/node/message.go:33.124,39.16 3 1
github.com/t0sic/D7024E-Kademlia/internal/node/message.go:39.16,41.3 1 1
github.com/t0sic/D7024E-Kademlia/internal/node/message.go:42.2,42.57 1 1
github.com/t0sic/D7024E-Kademlia/internal/node/message.go:42.57,44.3 1 0
github.com/t0sic/D7024E-Kademlia/internal/node/message.go:46.2,48.36 3 1
github.com/t0sic/D7024E-Kademlia/internal/node/message.go:48.36,49.79 1 1
github.com/t0sic/D7024E-Kademlia/internal/node/message.go:49.79,51.4 1 1
github.com/t0sic/D7024E-Kademlia/internal/node/message.go:53.2,53.22 1 1
github.com/t0sic/D7024E-Kademlia/internal/node/message.go:56.109,65.16 3 1
github.com/t0sic/D7024E-Kademlia/internal/node/message.go:65.16,67.3 1 1
github.com/t0sic/D7024E-Kademlia/internal/node/message.go:69.2,69.19 1 1
github.com/t0sic/D7024E-Kademlia/internal/node/message.go:70.24,71.25 1 1
github.com/t0sic/D7024E-Kademlia/internal/node/message.go:71.25,73.4 1 0
github.com/t0sic/D7024E-Kademlia/internal/node/message.go:74.3,76.17 3 1
github.com/t0sic/D7024E-Kademlia/internal/node/message.go:76.17,78.4 1 0
github.com/t0sic/D7024E-Kademlia/internal/node/message.go:79.3,79.22 1 1
github.com/t0sic/D7024E-Kademlia/internal/node/message.go:80.28,81.25 1 0
github.com/t0sic/D7024E-Kademlia/internal/node/message.go:82.10,83.74 1 0
github.com/t0sic/D7024E-Kademlia/internal/node/message.go:87.109,100.2 4 1
github.com/t0sic/D7024E-Kademlia/internal/node/node.go:36.42,39.27 2 1
github.com/t0sic/D7024E-Kademlia/internal/node/node.go:39.27,41.3 1 1
github.com/t0sic/D7024E-Kademlia/internal/node/node.go:43.2,44.19 2 1
github.com/t0sic/D7024E-Kademlia/internal/node/node.go:44.19,45.42 1 0
github.com/t0sic/D7024E-Kademlia/internal/node/node.go:45.42,45.78 1 0
github.com/t0sic/D7024E-Kademlia/internal/node/node.go:48.2,49.16 2 1
github.com/t0sic/D7024E-Kademlia/internal/node/node.go:49.16,50.67 1 0
github.com/t0sic/D7024E-Kademlia/internal/node/node.go:52.2,68.12 8 1
github.com/t0sic/D7024E-Kademlia/internal/node/node.go:68.12,69.45 1 1
github.com/t0sic/D7024E-Kademlia/internal/node/node.go:69.45,71.4 1 0
github.com/t0sic/D7024E-Kademlia/internal/node/node.go:73.2,75.13 2 1
github.com/t0sic/D7024E-Kademlia/internal/node/node.go:78.30,80.30 2 1
github.com/t0sic/D7024E-Kademlia/internal/node/node.go:80.30,82.3 1 1
github.com/t0sic/D7024E-Kademlia/internal/node/node.go:84.2,84.38 1 1
github.com/t0sic/D7024E-Kademlia/internal/node/node.go:84.38,86.17 2 1
github.com/t0sic/D7024E-Kademlia/internal/node/node.go:86.17,88.12 2 0
github.com/t0sic/D7024E-Kademlia/internal/node/node.go:91.3,92.17 2 1
github.com/t0sic/D7024E-Kademlia/internal/node/node.go:92.17,94.12 2 0
github.com/t0sic/D7024E-Kademlia/internal/node/node.go:96.3,105.30 4 1
github.com/t0sic/D7024E-Kademlia/internal/node/node.go:105.30,107.4 1 1
github.com/t0sic/D7024E-Kademlia/internal/node/node.go:112.95,114.24 2 1
github.com/t0sic/D7024E-Kademlia/internal/node/node.go:114.24,116.3 1 0
github.com/t0sic/D7024E-Kademlia/internal/node/node.go:118.2,119.16 2 1
github.com/t0sic/D7024E-Kademlia/internal/node/node.go:119.16,121.3 1 0
github.com/t0sic/D7024E-Kademlia/internal/node/node.go:123.2,124.16 2 1
github.com/t0sic/D7024E-Kademlia/internal/node/node.go:124.16,126.3 1 0
github.com/t0sic/D7024E-Kademlia/internal/node/node.go:128.2,133.30 4 1
github.com/t0sic/D7024E-Kademlia/internal/node/node.go:133.30,135.56 1 1
github.com/t0sic/D7024E-Kademlia/internal/node/node.go:135.56,136.12 1 1
github.com/t0sic/D7024E-Kademlia/internal/node/node.go:138.3,138.54 1 1
github.com/t0sic/D7024E-Kademlia/internal/node/node.go:141.2,145.8 1 1
github.com/t0sic/D7024E-Kademlia/internal/node/node.go:148.91,149.24 1 0
github.com/t0sic/D7024E-Kademlia/internal/node/node.go:149.24,151.3 1 0
github.com/t0sic/D7024E-Kademlia/internal/node/node.go:152.2,156.16 3 0
github.com/t0sic/D7024E-Kademlia/internal/node/node.go:156.16,158.3 1 0
github.com/t0sic/D7024E-Kademlia/internal/node/node.go:159.2,161.17 2 0
github.com/t0sic/D7024E-Kademlia/internal/node/node.go:164.91,165.24 1 1
github.com/t0sic/D7024E-Kademlia/internal/node/node.go:165.24,167.3 1 0
github.com/t0sic/D7024E-Kademlia/internal/node/node.go:168.2,169.16 2 1
github.com/t0sic/D7024E-Kademlia/internal/node/node.go:169.16,171.3 1 0
github.com/t0sic/D7024E-Kademlia/internal/node/node.go:173.2,177.8 1 1
github.com/t0sic/D7024E-Kademlia/internal/node/node.go:182.92,183.23 1 1
github.com/t0sic/D7024E-Kademlia/internal/node/node.go:183.23,185.3 1 0
github.com/t0sic/D7024E-Kademlia/internal/node/node.go:187.2,188.16 2 1
github.com/t0sic/D7024E-Kademlia/internal/node/node.go:188.16,190.3 1 0
github.com/t0sic/D7024E-Kademlia/internal/node/node.go:192.2,198.16 5 1
github.com/t0sic/D7024E-Kademlia/internal/node/node.go:198.16,200.3 1 0
github.com/t0sic/D7024E-Kademlia/internal/node/node.go:202.2,203.20 2 1
github.com/t0sic/D7024E-Kademlia/internal/node/node.go:203.20,205.3 1 1
github.com/t0sic/D7024E-Kademlia/internal/node/node.go:206.2,216.8 5 1
github.com/t0sic/D7024E-Kademlia/internal/node/node.go:219.90,220.23 1 1
github.com/t0sic/D7024E-Kademlia/internal/node/node.go:220.23,222.3 1 0
github.com/t0sic/D7024E-Kademlia/internal/node/node.go:223.2,229.9 5 1
github.com/t0sic/D7024E-Kademlia/internal/node/node.go:229.9,235.3 1 0
github.com/t0sic/D7024E-Kademlia/internal/node/node.go:237.2,241.8 1 1
github.com/t0sic/D7024E-Kademlia/internal/node/node.go:244.47,246.27 2 1
github.com/t0sic/D7024E-Kademlia/internal/node/node.go:246.27,248.17 2 1
github.com/t0sic/D7024E-Kademlia/internal/node/node.go:248.17,252.4 3 1
github.com/t0sic/D7024E-Kademlia/internal/node/node.go:257.49,258.20 1 1
github.com/t0sic/D7024E-Kademlia/internal/node/node.go:258.20,260.3 1 0
github.com/t0sic/D7024E-Kademlia/internal/node/node.go:263.2,268.16 4 1
github.com/t0sic/D7024E-Kademlia/internal/node/node.go:268.16,270.3 1 0
github.com/t0sic/D7024E-Kademlia/internal/node/node.go:271.2,275.28 3 1
github.com/t0sic/D7024E-Kademlia/internal/node/node.go:275.28,277.3 1 1
github.com/t0sic/D7024E-Kademlia/internal/node/node.go:280.2,281.20 2 1
github.com/t0sic/D7024E-Kademlia/internal/node/node.go:281.20,283.3 1 1
github.com/t0sic/D7024E-Kademlia/internal/node/node.go:284.2,290.18 5 1
github.com/t0sic/D7024E-Kademlia/internal/node/node.go:295.92,303.15 4 1
github.com/t0sic/D7024E-Kademlia/internal/node/node.go:303.15,308.31 3 1
github.com/t0sic/D7024E-Kademlia/internal/node/node.go:308.31,309.36 1 1
github.com/t0sic/D7024E-Kademlia/internal/node/node.go:309.36,310.10 1 1
github.com/t0sic/D7024E-Kademlia/internal/node/node.go:312.4,312.31 1 1
github.com/t0sic/D7024E-Kademlia/internal/node/node.go:312.31,315.5 2 1
github.com/t0sic/D7024E-Kademlia/internal/node/node.go:319.3,319.22 1 1
github.com/t0sic/D7024E-Kademlia/internal/node/node.go:319.22,320.9 1 1
github.com/t0sic/D7024E-Kademlia/internal/node/node.go:324.3,330.27 3 1
github.com/t0sic/D7024E-Kademlia/internal/node/node.go:330.27,331.32 1 1
github.com/t0sic/D7024E-Kademlia/internal/node/node.go:331.32,333.19 2 1
github.com/t0sic/D7024E-Kademlia/internal/node/node.go:333.19,336.6 2 1
github.com/t0sic/D7024E-Kademlia/internal/node/node.go:337.5,337.61 1 1
github.com/t0sic/D7024E-Kademlia/internal/node/node.go:342.3,342.35 1 1
github.com/t0sic/D7024E-Kademlia/internal/node/node.go:342.35,344.22 2 1
github.com/t0sic/D7024E-Kademlia/internal/node/node.go:344.22,345.13 1 1
github.com/t0sic/D7024E-Kademlia/internal/node/node.go:347.4,347.35 1 1
github.com/t0sic/D7024E-Kademlia/internal/node/node.go:347.35,351.32 3 1
github.com/t0sic/D7024E-Kademlia/internal/node/node.go:351.32,354.6 2 1
github.com/t0sic/D7024E-Kademlia/internal/node/node.go:359.3,362.43 4 1
github.com/t0sic/D7024E-Kademlia/internal/node/node.go:365.2,365.18 1 1
github.com/t0sic/D7024E-Kademlia/internal/node/node.go:370.115,375.23 3 1
github.com/t0sic/D7024E-Kademlia/internal/node/node.go:375.23,377.3 1 1
github.com/t0sic/D7024E-Kademlia/internal/node/node.go:380.2,380.52 1 1
github.com/t0sic/D7024E-Kademlia/internal/node/node.go:380.52,382.25 2 1
github.com/t0sic/D7024E-Kademlia/internal/node/node.go:382.25,384.4 1 1
github.com/t0sic/D7024E-Kademlia/internal/node/node.go:385.3,396.27 5 1
github.com/t0sic/D7024E-Kademlia/internal/node/node.go:396.27,397.17 1 1
github.com/t0sic/D7024E-Kademlia/internal/node/node.go:397.17,399.19 2 1
github.com/t0sic/D7024E-Kademlia/internal/node/node.go:399.19,402.6 2 1
github.com/t0sic/D7024E-Kademlia/internal/node/node.go:403.5,403.14 1 1
github.com/t0sic/D7024E-Kademlia/internal/node/node.go:403.14,406.6 2 1
github.com/t0sic/D7024E-Kademlia/internal/node/node.go:407.5,407.37 1 0
github.com/t0sic/D7024E-Kademlia/internal/node/node.go:411.3,411.13 1 1
github.com/t0sic/D7024E-Kademlia/internal/node/node.go:411.13,411.40 2 1
github.com/t0sic/D7024E-Kademlia/internal/node/node.go:413.3,413.24 1 1
github.com/t0sic/D7024E-Kademlia/internal/node/node.go:413.24,414.28 1 1
github.com/t0sic/D7024E-Kademlia/internal/node/node.go:414.28,416.5 1 1
github.com/t0sic/D7024E-Kademlia/internal/node/node.go:420.2,420.59 1 0
github.com/t0sic/D7024E-Kademlia/internal/node/node.go:424.65,425.25 1 1
github.com/t0sic/D7024E-Kademlia/internal/node/node.go:425.25,426.24 1 1
github.com/t0sic/D7024E-Kademlia/internal/node/node.go:426.24,428.4 1 1
github.com/t0sic/D7024E-Kademlia/internal/node/node.go:430.2,430.14 1 1
github.com/t0sic/D7024E-Kademlia/internal/node/node.go:433.52,435.12 2 1
github.com/t0sic/D7024E-Kademlia/internal/node/node.go:435.12,438.3 2 1
github.com/t0sic/D7024E-Kademlia/internal/node/node.go:440.2,440.9 1 1
github.com/t0sic/D7024E-Kademlia/internal/node/node.go:441.14,442.13 1 1
github.com/t0sic/D7024E-Kademlia/internal/node/node.go:443.20,444.19 1 0
github.com/t0sic/D7024E-Kademlia/internal/util/id.go:15.23,17.44 2 1
github.com/t0sic/D7024E-Kademlia/internal/util/id.go:17.44,18.42 1 0
github.com/t0sic/D7024E-Kademlia/internal/util/id.go:20.2,20.11 1 1
github.com/t0sic/D7024E-Kademlia/internal/util/id.go:24.36,29.2 4 1
github.com/t0sic/D7024E-Kademlia/internal/util/id.go:32.39,35.16 3 1
github.com/t0sic/D7024E-Kademlia/internal/util/id.go:35.16,37.3 1 0
github.com/t0sic/D7024E-Kademlia/internal/util/id.go:38.2,38.23 1 1
github.com/t0sic/D7024E-Kademlia/internal/util/id.go:38.23,40.3 1 0
github.com/t0sic/D7024E-Kademlia/internal/util/id.go:41.2,42.16 2 1
github.com/t0sic/D7024E-Kademlia/internal/util/id.go:46.27,46.63 1 1
github.com/t0sic/D7024E-Kademlia/internal/util/id.go:49.30,49.49 1 1
github.com/t0sic/D7024E-Kademlia/internal/util/id.go:52.45,53.31 1 1
github.com/t0sic/D7024E-Kademlia/internal/util/id.go:53.31,54.34 1 1
github.com/t0sic/D7024E-Kademlia/internal/util/id.go:54.34,56.4 1 1
github.com/t0sic/D7024E-Kademlia/internal/util/id.go:58.2,58.14 1 0
github.com/t0sic/D7024E-Kademlia/internal/util/id.go:62.47,63.31 1 1
github.com/t0sic/D7024E-Kademlia/internal/util/id.go:63.31,64.34 1 1
github.com/t0sic/D7024E-Kademlia/internal/util/id.go:64.34,66.4 1 1
github.com/t0sic/D7024E-Kademlia/internal/util/id.go:68.2,68.13 1 1
github.com/t0sic/D7024E-Kademlia/internal/util/id.go:73.43,75.31 2 1
github.com/t0sic/D7024E-Kademlia/internal/util/id.go:75.31,77.3 1 1
github.com/t0sic/D7024E-Kademlia/internal/util/id.go:78.2,78.16 1 1
github.com/t0sic/D7024E-Kademlia/internal/util/random.go:16.47,17.21 1 1
github.com/t0sic/D7024E-Kademlia/internal/util/random.go:17.21,19.3 1 0
github.com/t0sic/D7024E-Kademlia/internal/util/random.go:20.2,20.23 1 1
github.com/t0sic/D7024E-Kademlia/internal/util/random.go:20.23,22.3 1 0
github.com/t0sic/D7024E-Kademlia/internal/util/random.go:24.2,26.14 3 1
github.com/t0sic/D7024E-Kademlia/internal/util/random.go:26.14,31.3 4 1
github.com/t0sic/D7024E-Kademlia/internal/util/random.go:33.2,36.23 3 1
